2016-01-11 23:15:19,595 - Default ResourceManager initialization complete.
2016-01-11 23:15:19,599 - Loaded System Directive: org.apache.velocity.runtime.directive.Literal
2016-01-11 23:15:19,600 - Loaded System Directive: org.apache.velocity.runtime.directive.Macro
2016-01-11 23:15:19,603 - Loaded System Directive: org.apache.velocity.runtime.directive.Parse
2016-01-11 23:15:19,605 - Loaded System Directive: org.apache.velocity.runtime.directive.Include
2016-01-11 23:15:19,606 - Loaded System Directive: org.apache.velocity.runtime.directive.Foreach
2016-01-11 23:15:19,627 - Created: 20 parsers.
2016-01-11 23:15:19,634 - Velocimacro : initialization starting.
2016-01-11 23:15:19,634 - Velocimacro : adding VMs from VM library template : VM_global_library.vm
2016-01-11 23:15:19,643 - ResourceManager : unable to find resource 'VM_global_library.vm' in any resource loader.
2016-01-11 23:15:19,643 - Velocimacro : error using  VM library template VM_global_library.vm : org.apache.velocity.exception.ResourceNotFoundException: Unable to find resource 'VM_global_library.vm'
2016-01-11 23:15:19,643 - Velocimacro :  VM library template macro registration complete.
2016-01-11 23:15:19,643 - Velocimacro : allowInline = true : VMs can be defined inline in templates
2016-01-11 23:15:19,643 - Velocimacro : allowInlineToOverride = false : VMs defined inline may NOT replace previous VM definitions
2016-01-11 23:15:19,643 - Velocimacro : allowInlineLocal = false : VMs defined inline will be  global in scope if allowed.
2016-01-11 23:15:19,643 - Velocimacro : messages on  : VM system will output logging messages
2016-01-11 23:15:19,643 - Velocimacro : autoload off  : VM system will not automatically reload global library macros
2016-01-11 23:15:19,643 - Velocimacro : initialization complete.
2016-01-11 23:15:19,643 - Velocity successfully started.
2016-01-11 23:31:53,327 - SimpleLog4JLogSystem initialized using logfile 'velocity.log'
2016-01-11 23:31:53,328 - ************************************************************** 
2016-01-11 23:31:53,328 - Starting Jakarta Velocity v1.4
2016-01-11 23:31:53,328 - RuntimeInstance initializing.
2016-01-11 23:31:53,328 - Default Properties File: org\apache\velocity\runtime\defaults\velocity.properties
2016-01-11 23:31:53,328 - Trying to use logger class org.apache.velocity.runtime.log.SimpleLog4JLogSystem
2016-01-11 23:31:53,328 - Using logger class org.apache.velocity.runtime.log.SimpleLog4JLogSystem
2016-01-11 23:31:53,330 - Default ResourceManager initializing. (class org.apache.velocity.runtime.resource.ResourceManagerImpl)
2016-01-11 23:31:53,332 - Resource Loader Instantiated: org.apache.velocity.runtime.resource.loader.ClasspathResourceLoader
2016-01-11 23:31:53,333 - ClasspathResourceLoader : initialization starting.
2016-01-11 23:31:53,333 - ClasspathResourceLoader : initialization complete.
2016-01-11 23:31:53,334 - ResourceCache : initialized. (class org.apache.velocity.runtime.resource.ResourceCacheImpl)
2016-01-11 23:31:53,334 - Default ResourceManager initialization complete.
2016-01-11 23:31:53,336 - Loaded System Directive: org.apache.velocity.runtime.directive.Literal
2016-01-11 23:31:53,338 - Loaded System Directive: org.apache.velocity.runtime.directive.Macro
2016-01-11 23:31:53,340 - Loaded System Directive: org.apache.velocity.runtime.directive.Parse
2016-01-11 23:31:53,342 - Loaded System Directive: org.apache.velocity.runtime.directive.Include
2016-01-11 23:31:53,343 - Loaded System Directive: org.apache.velocity.runtime.directive.Foreach
2016-01-11 23:31:53,363 - Created: 20 parsers.
2016-01-11 23:31:53,370 - Velocimacro : initialization starting.
2016-01-11 23:31:53,370 - Velocimacro : adding VMs from VM library template : VM_global_library.vm
2016-01-11 23:31:53,378 - ResourceManager : unable to find resource 'VM_global_library.vm' in any resource loader.
2016-01-11 23:31:53,378 - Velocimacro : error using  VM library template VM_global_library.vm : org.apache.velocity.exception.ResourceNotFoundException: Unable to find resource 'VM_global_library.vm'
2016-01-11 23:31:53,378 - Velocimacro :  VM library template macro registration complete.
2016-01-11 23:31:53,378 - Velocimacro : allowInline = true : VMs can be defined inline in templates
2016-01-11 23:31:53,378 - Velocimacro : allowInlineToOverride = false : VMs defined inline may NOT replace previous VM definitions
2016-01-11 23:31:53,378 - Velocimacro : allowInlineLocal = false : VMs defined inline will be  global in scope if allowed.
2016-01-11 23:31:53,378 - Velocimacro : messages on  : VM system will output logging messages
2016-01-11 23:31:53,378 - Velocimacro : autoload off  : VM system will not automatically reload global library macros
2016-01-11 23:31:53,378 - Velocimacro : initialization complete.
2016-01-11 23:31:53,378 - Velocity successfully started.
2016-01-11 23:32:21,938 - SimpleLog4JLogSystem initialized using logfile 'velocity.log'
2016-01-11 23:32:21,938 - ************************************************************** 
2016-01-11 23:32:21,938 - Starting Jakarta Velocity v1.4
2016-01-11 23:32:21,938 - RuntimeInstance initializing.
2016-01-11 23:32:21,938 - Default Properties File: org\apache\velocity\runtime\defaults\velocity.properties
2016-01-11 23:32:21,938 - Trying to use logger class org.apache.velocity.runtime.log.SimpleLog4JLogSystem
2016-01-11 23:32:21,938 - Using logger class org.apache.velocity.runtime.log.SimpleLog4JLogSystem
2016-01-11 23:32:21,941 - Default ResourceManager initializing. (class org.apache.velocity.runtime.resource.ResourceManagerImpl)
2016-01-11 23:32:21,943 - Resource Loader Instantiated: org.apache.velocity.runtime.resource.loader.ClasspathResourceLoader
2016-01-11 23:32:21,943 - ClasspathResourceLoader : initialization starting.
2016-01-11 23:32:21,943 - ClasspathResourceLoader : initialization complete.
2016-01-11 23:32:21,945 - ResourceCache : initialized. (class org.apache.velocity.runtime.resource.ResourceCacheImpl)
2016-01-11 23:32:21,945 - Default ResourceManager initialization complete.
2016-01-11 23:32:21,947 - Loaded System Directive: org.apache.velocity.runtime.directive.Literal
2016-01-11 23:32:21,949 - Loaded System Directive: org.apache.velocity.runtime.directive.Macro
2016-01-11 23:32:21,951 - Loaded System Directive: org.apache.velocity.runtime.directive.Parse
2016-01-11 23:32:21,953 - Loaded System Directive: org.apache.velocity.runtime.directive.Include
2016-01-11 23:32:21,954 - Loaded System Directive: org.apache.velocity.runtime.directive.Foreach
2016-01-11 23:32:21,975 - Created: 20 parsers.
2016-01-11 23:32:21,982 - Velocimacro : initialization starting.
2016-01-11 23:32:21,982 - Velocimacro : adding VMs from VM library template : VM_global_library.vm
2016-01-11 23:32:21,990 - ResourceManager : unable to find resource 'VM_global_library.vm' in any resource loader.
2016-01-11 23:32:21,990 - Velocimacro : error using  VM library template VM_global_library.vm : org.apache.velocity.exception.ResourceNotFoundException: Unable to find resource 'VM_global_library.vm'
2016-01-11 23:32:21,990 - Velocimacro :  VM library template macro registration complete.
2016-01-11 23:32:21,990 - Velocimacro : allowInline = true : VMs can be defined inline in templates
2016-01-11 23:32:21,991 - Velocimacro : allowInlineToOverride = false : VMs defined inline may NOT replace previous VM definitions
2016-01-11 23:32:21,991 - Velocimacro : allowInlineLocal = false : VMs defined inline will be  global in scope if allowed.
2016-01-11 23:32:21,991 - Velocimacro : messages on  : VM system will output logging messages
2016-01-11 23:32:21,991 - Velocimacro : autoload off  : VM system will not automatically reload global library macros
2016-01-11 23:32:21,991 - Velocimacro : initialization complete.
2016-01-11 23:32:21,991 - Velocity successfully started.
2016-01-11 23:33:30,731 - SimpleLog4JLogSystem initialized using logfile 'velocity.log'
2016-01-11 23:33:30,732 - ************************************************************** 
2016-01-11 23:33:30,732 - Starting Jakarta Velocity v1.4
2016-01-11 23:33:30,732 - RuntimeInstance initializing.
2016-01-11 23:33:30,732 - Default Properties File: org\apache\velocity\runtime\defaults\velocity.properties
2016-01-11 23:33:30,732 - Trying to use logger class org.apache.velocity.runtime.log.SimpleLog4JLogSystem
2016-01-11 23:33:30,732 - Using logger class org.apache.velocity.runtime.log.SimpleLog4JLogSystem
2016-01-11 23:33:30,734 - Default ResourceManager initializing. (class org.apache.velocity.runtime.resource.ResourceManagerImpl)
2016-01-11 23:33:30,736 - Resource Loader Instantiated: org.apache.velocity.runtime.resource.loader.ClasspathResourceLoader
2016-01-11 23:33:30,736 - ClasspathResourceLoader : initialization starting.
2016-01-11 23:33:30,737 - ClasspathResourceLoader : initialization complete.
2016-01-11 23:33:30,738 - ResourceCache : initialized. (class org.apache.velocity.runtime.resource.ResourceCacheImpl)
2016-01-11 23:33:30,738 - Default ResourceManager initialization complete.
2016-01-11 23:33:30,740 - Loaded System Directive: org.apache.velocity.runtime.directive.Literal
2016-01-11 23:33:30,742 - Loaded System Directive: org.apache.velocity.runtime.directive.Macro
2016-01-11 23:33:30,744 - Loaded System Directive: org.apache.velocity.runtime.directive.Parse
2016-01-11 23:33:30,746 - Loaded System Directive: org.apache.velocity.runtime.directive.Include
2016-01-11 23:33:30,747 - Loaded System Directive: org.apache.velocity.runtime.directive.Foreach
2016-01-11 23:33:30,767 - Created: 20 parsers.
2016-01-11 23:33:30,773 - Velocimacro : initialization starting.
2016-01-11 23:33:30,773 - Velocimacro : adding VMs from VM library template : VM_global_library.vm
2016-01-11 23:33:30,782 - ResourceManager : unable to find resource 'VM_global_library.vm' in any resource loader.
2016-01-11 23:33:30,782 - Velocimacro : error using  VM library template VM_global_library.vm : org.apache.velocity.exception.ResourceNotFoundException: Unable to find resource 'VM_global_library.vm'
2016-01-11 23:33:30,782 - Velocimacro :  VM library template macro registration complete.
2016-01-11 23:33:30,782 - Velocimacro : allowInline = true : VMs can be defined inline in templates
2016-01-11 23:33:30,782 - Velocimacro : allowInlineToOverride = false : VMs defined inline may NOT replace previous VM definitions
2016-01-11 23:33:30,782 - Velocimacro : allowInlineLocal = false : VMs defined inline will be  global in scope if allowed.
2016-01-11 23:33:30,782 - Velocimacro : messages on  : VM system will output logging messages
2016-01-11 23:33:30,782 - Velocimacro : autoload off  : VM system will not automatically reload global library macros
2016-01-11 23:33:30,782 - Velocimacro : initialization complete.
2016-01-11 23:33:30,782 - Velocity successfully started.
2016-01-11 23:34:57,483 - SimpleLog4JLogSystem initialized using logfile 'velocity.log'
2016-01-11 23:34:57,484 - ************************************************************** 
2016-01-11 23:34:57,484 - Starting Jakarta Velocity v1.4
2016-01-11 23:34:57,484 - RuntimeInstance initializing.
2016-01-11 23:34:57,484 - Default Properties File: org\apache\velocity\runtime\defaults\velocity.properties
2016-01-11 23:34:57,484 - Trying to use logger class org.apache.velocity.runtime.log.SimpleLog4JLogSystem
2016-01-11 23:34:57,484 - Using logger class org.apache.velocity.runtime.log.SimpleLog4JLogSystem
2016-01-11 23:34:57,486 - Default ResourceManager initializing. (class org.apache.velocity.runtime.resource.ResourceManagerImpl)
2016-01-11 23:34:57,489 - Resource Loader Instantiated: org.apache.velocity.runtime.resource.loader.ClasspathResourceLoader
2016-01-11 23:34:57,489 - ClasspathResourceLoader : initialization starting.
2016-01-11 23:34:57,489 - ClasspathResourceLoader : initialization complete.
2016-01-11 23:34:57,490 - ResourceCache : initialized. (class org.apache.velocity.runtime.resource.ResourceCacheImpl)
2016-01-11 23:34:57,490 - Default ResourceManager initialization complete.
2016-01-11 23:34:57,492 - Loaded System Directive: org.apache.velocity.runtime.directive.Literal
2016-01-11 23:34:57,494 - Loaded System Directive: org.apache.velocity.runtime.directive.Macro
2016-01-11 23:34:57,496 - Loaded System Directive: org.apache.velocity.runtime.directive.Parse
2016-01-11 23:34:57,498 - Loaded System Directive: org.apache.velocity.runtime.directive.Include
2016-01-11 23:34:57,499 - Loaded System Directive: org.apache.velocity.runtime.directive.Foreach
2016-01-11 23:34:57,519 - Created: 20 parsers.
2016-01-11 23:34:57,526 - Velocimacro : initialization starting.
2016-01-11 23:34:57,526 - Velocimacro : adding VMs from VM library template : VM_global_library.vm
2016-01-11 23:34:57,535 - ResourceManager : unable to find resource 'VM_global_library.vm' in any resource loader.
2016-01-11 23:34:57,535 - Velocimacro : error using  VM library template VM_global_library.vm : org.apache.velocity.exception.ResourceNotFoundException: Unable to find resource 'VM_global_library.vm'
2016-01-11 23:34:57,535 - Velocimacro :  VM library template macro registration complete.
2016-01-11 23:34:57,535 - Velocimacro : allowInline = true : VMs can be defined inline in templates
2016-01-11 23:34:57,535 - Velocimacro : allowInlineToOverride = false : VMs defined inline may NOT replace previous VM definitions
2016-01-11 23:34:57,535 - Velocimacro : allowInlineLocal = false : VMs defined inline will be  global in scope if allowed.
2016-01-11 23:34:57,535 - Velocimacro : messages on  : VM system will output logging messages
2016-01-11 23:34:57,535 - Velocimacro : autoload off  : VM system will not automatically reload global library macros
2016-01-11 23:34:57,535 - Velocimacro : initialization complete.
2016-01-11 23:34:57,535 - Velocity successfully started.
2016-01-11 23:35:17,295 - SimpleLog4JLogSystem initialized using logfile 'velocity.log'
2016-01-11 23:35:17,296 - ************************************************************** 
2016-01-11 23:35:17,296 - Starting Jakarta Velocity v1.4
2016-01-11 23:35:17,296 - RuntimeInstance initializing.
2016-01-11 23:35:17,296 - Default Properties File: org\apache\velocity\runtime\defaults\velocity.properties
2016-01-11 23:35:17,296 - Trying to use logger class org.apache.velocity.runtime.log.SimpleLog4JLogSystem
2016-01-11 23:35:17,296 - Using logger class org.apache.velocity.runtime.log.SimpleLog4JLogSystem
2016-01-11 23:35:17,298 - Default ResourceManager initializing. (class org.apache.velocity.runtime.resource.ResourceManagerImpl)
2016-01-11 23:35:17,301 - Resource Loader Instantiated: org.apache.velocity.runtime.resource.loader.ClasspathResourceLoader
2016-01-11 23:35:17,301 - ClasspathResourceLoader : initialization starting.
2016-01-11 23:35:17,301 - ClasspathResourceLoader : initialization complete.
2016-01-11 23:35:17,302 - ResourceCache : initialized. (class org.apache.velocity.runtime.resource.ResourceCacheImpl)
2016-01-11 23:35:17,302 - Default ResourceManager initialization complete.
2016-01-11 23:35:17,304 - Loaded System Directive: org.apache.velocity.runtime.directive.Literal
2016-01-11 23:35:17,306 - Loaded System Directive: org.apache.velocity.runtime.directive.Macro
2016-01-11 23:35:17,308 - Loaded System Directive: org.apache.velocity.runtime.directive.Parse
2016-01-11 23:35:17,310 - Loaded System Directive: org.apache.velocity.runtime.directive.Include
2016-01-11 23:35:17,311 - Loaded System Directive: org.apache.velocity.runtime.directive.Foreach
2016-01-11 23:35:17,331 - Created: 20 parsers.
2016-01-11 23:35:17,338 - Velocimacro : initialization starting.
2016-01-11 23:35:17,338 - Velocimacro : adding VMs from VM library template : VM_global_library.vm
2016-01-11 23:35:17,347 - ResourceManager : unable to find resource 'VM_global_library.vm' in any resource loader.
2016-01-11 23:35:17,347 - Velocimacro : error using  VM library template VM_global_library.vm : org.apache.velocity.exception.ResourceNotFoundException: Unable to find resource 'VM_global_library.vm'
2016-01-11 23:35:17,347 - Velocimacro :  VM library template macro registration complete.
2016-01-11 23:35:17,347 - Velocimacro : allowInline = true : VMs can be defined inline in templates
2016-01-11 23:35:17,347 - Velocimacro : allowInlineToOverride = false : VMs defined inline may NOT replace previous VM definitions
2016-01-11 23:35:17,347 - Velocimacro : allowInlineLocal = false : VMs defined inline will be  global in scope if allowed.
2016-01-11 23:35:17,347 - Velocimacro : messages on  : VM system will output logging messages
2016-01-11 23:35:17,347 - Velocimacro : autoload off  : VM system will not automatically reload global library macros
2016-01-11 23:35:17,347 - Velocimacro : initialization complete.
2016-01-11 23:35:17,347 - Velocity successfully started.
2016-01-11 23:36:02,900 - SimpleLog4JLogSystem initialized using logfile 'velocity.log'
2016-01-11 23:36:02,901 - ************************************************************** 
2016-01-11 23:36:02,901 - Starting Jakarta Velocity v1.4
2016-01-11 23:36:02,901 - RuntimeInstance initializing.
2016-01-11 23:36:02,901 - Default Properties File: org\apache\velocity\runtime\defaults\velocity.properties
2016-01-11 23:36:02,901 - Trying to use logger class org.apache.velocity.runtime.log.SimpleLog4JLogSystem
2016-01-11 23:36:02,901 - Using logger class org.apache.velocity.runtime.log.SimpleLog4JLogSystem
2016-01-11 23:36:02,903 - Default ResourceManager initializing. (class org.apache.velocity.runtime.resource.ResourceManagerImpl)
2016-01-11 23:36:02,906 - Resource Loader Instantiated: org.apache.velocity.runtime.resource.loader.ClasspathResourceLoader
2016-01-11 23:36:02,906 - ClasspathResourceLoader : initialization starting.
2016-01-11 23:36:02,906 - ClasspathResourceLoader : initialization complete.
2016-01-11 23:36:02,907 - ResourceCache : initialized. (class org.apache.velocity.runtime.resource.ResourceCacheImpl)
2016-01-11 23:36:02,907 - Default ResourceManager initialization complete.
2016-01-11 23:36:02,910 - Loaded System Directive: org.apache.velocity.runtime.directive.Literal
2016-01-11 23:36:02,911 - Loaded System Directive: org.apache.velocity.runtime.directive.Macro
2016-01-11 23:36:02,914 - Loaded System Directive: org.apache.velocity.runtime.directive.Parse
2016-01-11 23:36:02,915 - Loaded System Directive: org.apache.velocity.runtime.directive.Include
2016-01-11 23:36:02,916 - Loaded System Directive: org.apache.velocity.runtime.directive.Foreach
2016-01-11 23:36:02,938 - Created: 20 parsers.
2016-01-11 23:36:02,944 - Velocimacro : initialization starting.
2016-01-11 23:36:02,944 - Velocimacro : adding VMs from VM library template : VM_global_library.vm
2016-01-11 23:36:02,953 - ResourceManager : unable to find resource 'VM_global_library.vm' in any resource loader.
2016-01-11 23:36:02,953 - Velocimacro : error using  VM library template VM_global_library.vm : org.apache.velocity.exception.ResourceNotFoundException: Unable to find resource 'VM_global_library.vm'
2016-01-11 23:36:02,953 - Velocimacro :  VM library template macro registration complete.
2016-01-11 23:36:02,953 - Velocimacro : allowInline = true : VMs can be defined inline in templates
2016-01-11 23:36:02,953 - Velocimacro : allowInlineToOverride = false : VMs defined inline may NOT replace previous VM definitions
2016-01-11 23:36:02,953 - Velocimacro : allowInlineLocal = false : VMs defined inline will be  global in scope if allowed.
2016-01-11 23:36:02,953 - Velocimacro : messages on  : VM system will output logging messages
2016-01-11 23:36:02,953 - Velocimacro : autoload off  : VM system will not automatically reload global library macros
2016-01-11 23:36:02,953 - Velocimacro : initialization complete.
2016-01-11 23:36:02,953 - Velocity successfully started.
2016-01-11 23:37:32,191 - SimpleLog4JLogSystem initialized using logfile 'velocity.log'
2016-01-11 23:37:32,191 - ************************************************************** 
2016-01-11 23:37:32,191 - Starting Jakarta Velocity v1.4
2016-01-11 23:37:32,191 - RuntimeInstance initializing.
2016-01-11 23:37:32,191 - Default Properties File: org\apache\velocity\runtime\defaults\velocity.properties
2016-01-11 23:37:32,191 - Trying to use logger class org.apache.velocity.runtime.log.SimpleLog4JLogSystem
2016-01-11 23:37:32,191 - Using logger class org.apache.velocity.runtime.log.SimpleLog4JLogSystem
2016-01-11 23:37:32,194 - Default ResourceManager initializing. (class org.apache.velocity.runtime.resource.ResourceManagerImpl)
2016-01-11 23:37:32,196 - Resource Loader Instantiated: org.apache.velocity.runtime.resource.loader.ClasspathResourceLoader
2016-01-11 23:37:32,196 - ClasspathResourceLoader : initialization starting.
2016-01-11 23:37:32,196 - ClasspathResourceLoader : initialization complete.
2016-01-11 23:37:32,197 - ResourceCache : initialized. (class org.apache.velocity.runtime.resource.ResourceCacheImpl)
2016-01-11 23:37:32,197 - Default ResourceManager initialization complete.
2016-01-11 23:37:32,200 - Loaded System Directive: org.apache.velocity.runtime.directive.Literal
2016-01-11 23:37:32,201 - Loaded System Directive: org.apache.velocity.runtime.directive.Macro
2016-01-11 23:37:32,204 - Loaded System Directive: org.apache.velocity.runtime.directive.Parse
2016-01-11 23:37:32,205 - Loaded System Directive: org.apache.velocity.runtime.directive.Include
2016-01-11 23:37:32,206 - Loaded System Directive: org.apache.velocity.runtime.directive.Foreach
2016-01-11 23:37:32,228 - Created: 20 parsers.
2016-01-11 23:37:32,234 - Velocimacro : initialization starting.
2016-01-11 23:37:32,234 - Velocimacro : adding VMs from VM library template : VM_global_library.vm
2016-01-11 23:37:32,243 - ResourceManager : unable to find resource 'VM_global_library.vm' in any resource loader.
2016-01-11 23:37:32,243 - Velocimacro : error using  VM library template VM_global_library.vm : org.apache.velocity.exception.ResourceNotFoundException: Unable to find resource 'VM_global_library.vm'
2016-01-11 23:37:32,243 - Velocimacro :  VM library template macro registration complete.
2016-01-11 23:37:32,243 - Velocimacro : allowInline = true : VMs can be defined inline in templates
2016-01-11 23:37:32,243 - Velocimacro : allowInlineToOverride = false : VMs defined inline may NOT replace previous VM definitions
2016-01-11 23:37:32,243 - Velocimacro : allowInlineLocal = false : VMs defined inline will be  global in scope if allowed.
2016-01-11 23:37:32,243 - Velocimacro : messages on  : VM system will output logging messages
2016-01-11 23:37:32,243 - Velocimacro : autoload off  : VM system will not automatically reload global library macros
2016-01-11 23:37:32,243 - Velocimacro : initialization complete.
2016-01-11 23:37:32,243 - Velocity successfully started.
2016-01-11 23:38:40,635 - SimpleLog4JLogSystem initialized using logfile 'velocity.log'
2016-01-11 23:38:40,635 - ************************************************************** 
2016-01-11 23:38:40,635 - Starting Jakarta Velocity v1.4
2016-01-11 23:38:40,635 - RuntimeInstance initializing.
2016-01-11 23:38:40,636 - Default Properties File: org\apache\velocity\runtime\defaults\velocity.properties
2016-01-11 23:38:40,636 - Trying to use logger class org.apache.velocity.runtime.log.SimpleLog4JLogSystem
2016-01-11 23:38:40,636 - Using logger class org.apache.velocity.runtime.log.SimpleLog4JLogSystem
2016-01-11 23:38:40,638 - Default ResourceManager initializing. (class org.apache.velocity.runtime.resource.ResourceManagerImpl)
2016-01-11 23:38:40,640 - Resource Loader Instantiated: org.apache.velocity.runtime.resource.loader.ClasspathResourceLoader
2016-01-11 23:38:40,640 - ClasspathResourceLoader : initialization starting.
2016-01-11 23:38:40,640 - ClasspathResourceLoader : initialization complete.
2016-01-11 23:38:40,642 - ResourceCache : initialized. (class org.apache.velocity.runtime.resource.ResourceCacheImpl)
2016-01-11 23:38:40,642 - Default ResourceManager initialization complete.
2016-01-11 23:38:40,644 - Loaded System Directive: org.apache.velocity.runtime.directive.Literal
2016-01-11 23:38:40,646 - Loaded System Directive: org.apache.velocity.runtime.directive.Macro
2016-01-11 23:38:40,648 - Loaded System Directive: org.apache.velocity.runtime.directive.Parse
2016-01-11 23:38:40,650 - Loaded System Directive: org.apache.velocity.runtime.directive.Include
2016-01-11 23:38:40,651 - Loaded System Directive: org.apache.velocity.runtime.directive.Foreach
2016-01-11 23:38:40,673 - Created: 20 parsers.
2016-01-11 23:38:40,680 - Velocimacro : initialization starting.
2016-01-11 23:38:40,681 - Velocimacro : adding VMs from VM library template : VM_global_library.vm
2016-01-11 23:38:40,690 - ResourceManager : unable to find resource 'VM_global_library.vm' in any resource loader.
2016-01-11 23:38:40,690 - Velocimacro : error using  VM library template VM_global_library.vm : org.apache.velocity.exception.ResourceNotFoundException: Unable to find resource 'VM_global_library.vm'
2016-01-11 23:38:40,690 - Velocimacro :  VM library template macro registration complete.
2016-01-11 23:38:40,690 - Velocimacro : allowInline = true : VMs can be defined inline in templates
2016-01-11 23:38:40,690 - Velocimacro : allowInlineToOverride = false : VMs defined inline may NOT replace previous VM definitions
2016-01-11 23:38:40,690 - Velocimacro : allowInlineLocal = false : VMs defined inline will be  global in scope if allowed.
2016-01-11 23:38:40,690 - Velocimacro : messages on  : VM system will output logging messages
2016-01-11 23:38:40,690 - Velocimacro : autoload off  : VM system will not automatically reload global library macros
2016-01-11 23:38:40,690 - Velocimacro : initialization complete.
2016-01-11 23:38:40,690 - Velocity successfully started.
2016-01-11 23:40:32,092 - SimpleLog4JLogSystem initialized using logfile 'velocity.log'
2016-01-11 23:40:32,092 - ************************************************************** 
2016-01-11 23:40:32,092 - Starting Jakarta Velocity v1.4
2016-01-11 23:40:32,092 - RuntimeInstance initializing.
2016-01-11 23:40:32,092 - Default Properties File: org\apache\velocity\runtime\defaults\velocity.properties
2016-01-11 23:40:32,092 - Trying to use logger class org.apache.velocity.runtime.log.SimpleLog4JLogSystem
2016-01-11 23:40:32,092 - Using logger class org.apache.velocity.runtime.log.SimpleLog4JLogSystem
2016-01-11 23:40:32,095 - Default ResourceManager initializing. (class org.apache.velocity.runtime.resource.ResourceManagerImpl)
2016-01-11 23:40:32,097 - Resource Loader Instantiated: org.apache.velocity.runtime.resource.loader.ClasspathResourceLoader
2016-01-11 23:40:32,097 - ClasspathResourceLoader : initialization starting.
2016-01-11 23:40:32,097 - ClasspathResourceLoader : initialization complete.
2016-01-11 23:40:32,098 - ResourceCache : initialized. (class org.apache.velocity.runtime.resource.ResourceCacheImpl)
2016-01-11 23:40:32,098 - Default ResourceManager initialization complete.
2016-01-11 23:40:32,101 - Loaded System Directive: org.apache.velocity.runtime.directive.Literal
2016-01-11 23:40:32,102 - Loaded System Directive: org.apache.velocity.runtime.directive.Macro
2016-01-11 23:40:32,105 - Loaded System Directive: org.apache.velocity.runtime.directive.Parse
2016-01-11 23:40:32,106 - Loaded System Directive: org.apache.velocity.runtime.directive.Include
2016-01-11 23:40:32,107 - Loaded System Directive: org.apache.velocity.runtime.directive.Foreach
2016-01-11 23:40:32,128 - Created: 20 parsers.
2016-01-11 23:40:32,135 - Velocimacro : initialization starting.
2016-01-11 23:40:32,135 - Velocimacro : adding VMs from VM library template : VM_global_library.vm
2016-01-11 23:40:32,143 - ResourceManager : unable to find resource 'VM_global_library.vm' in any resource loader.
2016-01-11 23:40:32,143 - Velocimacro : error using  VM library template VM_global_library.vm : org.apache.velocity.exception.ResourceNotFoundException: Unable to find resource 'VM_global_library.vm'
2016-01-11 23:40:32,143 - Velocimacro :  VM library template macro registration complete.
2016-01-11 23:40:32,143 - Velocimacro : allowInline = true : VMs can be defined inline in templates
2016-01-11 23:40:32,143 - Velocimacro : allowInlineToOverride = false : VMs defined inline may NOT replace previous VM definitions
2016-01-11 23:40:32,143 - Velocimacro : allowInlineLocal = false : VMs defined inline will be  global in scope if allowed.
2016-01-11 23:40:32,143 - Velocimacro : messages on  : VM system will output logging messages
2016-01-11 23:40:32,143 - Velocimacro : autoload off  : VM system will not automatically reload global library macros
2016-01-11 23:40:32,143 - Velocimacro : initialization complete.
2016-01-11 23:40:32,143 - Velocity successfully started.
2016-01-11 23:41:50,095 - SimpleLog4JLogSystem initialized using logfile 'velocity.log'
2016-01-11 23:41:50,095 - ************************************************************** 
2016-01-11 23:41:50,095 - Starting Jakarta Velocity v1.4
2016-01-11 23:41:50,095 - RuntimeInstance initializing.
2016-01-11 23:41:50,095 - Default Properties File: org\apache\velocity\runtime\defaults\velocity.properties
2016-01-11 23:41:50,095 - Trying to use logger class org.apache.velocity.runtime.log.SimpleLog4JLogSystem
2016-01-11 23:41:50,095 - Using logger class org.apache.velocity.runtime.log.SimpleLog4JLogSystem
2016-01-11 23:41:50,098 - Default ResourceManager initializing. (class org.apache.velocity.runtime.resource.ResourceManagerImpl)
2016-01-11 23:41:50,100 - Resource Loader Instantiated: org.apache.velocity.runtime.resource.loader.ClasspathResourceLoader
2016-01-11 23:41:50,100 - ClasspathResourceLoader : initialization starting.
2016-01-11 23:41:50,100 - ClasspathResourceLoader : initialization complete.
2016-01-11 23:41:50,102 - ResourceCache : initialized. (class org.apache.velocity.runtime.resource.ResourceCacheImpl)
2016-01-11 23:41:50,102 - Default ResourceManager initialization complete.
2016-01-11 23:41:50,104 - Loaded System Directive: org.apache.velocity.runtime.directive.Literal
2016-01-11 23:41:50,106 - Loaded System Directive: org.apache.velocity.runtime.directive.Macro
2016-01-11 23:41:50,108 - Loaded System Directive: org.apache.velocity.runtime.directive.Parse
2016-01-11 23:41:50,110 - Loaded System Directive: org.apache.velocity.runtime.directive.Include
2016-01-11 23:41:50,111 - Loaded System Directive: org.apache.velocity.runtime.directive.Foreach
2016-01-11 23:41:50,132 - Created: 20 parsers.
2016-01-11 23:41:50,139 - Velocimacro : initialization starting.
2016-01-11 23:41:50,140 - Velocimacro : adding VMs from VM library template : VM_global_library.vm
2016-01-11 23:41:50,148 - ResourceManager : unable to find resource 'VM_global_library.vm' in any resource loader.
2016-01-11 23:41:50,148 - Velocimacro : error using  VM library template VM_global_library.vm : org.apache.velocity.exception.ResourceNotFoundException: Unable to find resource 'VM_global_library.vm'
2016-01-11 23:41:50,148 - Velocimacro :  VM library template macro registration complete.
2016-01-11 23:41:50,148 - Velocimacro : allowInline = true : VMs can be defined inline in templates
2016-01-11 23:41:50,148 - Velocimacro : allowInlineToOverride = false : VMs defined inline may NOT replace previous VM definitions
2016-01-11 23:41:50,148 - Velocimacro : allowInlineLocal = false : VMs defined inline will be  global in scope if allowed.
2016-01-11 23:41:50,148 - Velocimacro : messages on  : VM system will output logging messages
2016-01-11 23:41:50,148 - Velocimacro : autoload off  : VM system will not automatically reload global library macros
2016-01-11 23:41:50,148 - Velocimacro : initialization complete.
2016-01-11 23:41:50,148 - Velocity successfully started.
2016-01-11 23:43:24,924 - SimpleLog4JLogSystem initialized using logfile 'velocity.log'
2016-01-11 23:43:24,924 - ************************************************************** 
2016-01-11 23:43:24,924 - Starting Jakarta Velocity v1.4
2016-01-11 23:43:24,924 - RuntimeInstance initializing.
2016-01-11 23:43:24,924 - Default Properties File: org\apache\velocity\runtime\defaults\velocity.properties
2016-01-11 23:43:24,924 - Trying to use logger class org.apache.velocity.runtime.log.SimpleLog4JLogSystem
2016-01-11 23:43:24,924 - Using logger class org.apache.velocity.runtime.log.SimpleLog4JLogSystem
2016-01-11 23:43:24,927 - Default ResourceManager initializing. (class org.apache.velocity.runtime.resource.ResourceManagerImpl)
2016-01-11 23:43:24,929 - Resource Loader Instantiated: org.apache.velocity.runtime.resource.loader.ClasspathResourceLoader
2016-01-11 23:43:24,929 - ClasspathResourceLoader : initialization starting.
2016-01-11 23:43:24,929 - ClasspathResourceLoader : initialization complete.
2016-01-11 23:43:24,930 - ResourceCache : initialized. (class org.apache.velocity.runtime.resource.ResourceCacheImpl)
2016-01-11 23:43:24,931 - Default ResourceManager initialization complete.
2016-01-11 23:43:24,933 - Loaded System Directive: org.apache.velocity.runtime.directive.Literal
2016-01-11 23:43:24,934 - Loaded System Directive: org.apache.velocity.runtime.directive.Macro
2016-01-11 23:43:24,937 - Loaded System Directive: org.apache.velocity.runtime.directive.Parse
2016-01-11 23:43:24,939 - Loaded System Directive: org.apache.velocity.runtime.directive.Include
2016-01-11 23:43:24,939 - Loaded System Directive: org.apache.velocity.runtime.directive.Foreach
2016-01-11 23:43:24,961 - Created: 20 parsers.
2016-01-11 23:43:24,968 - Velocimacro : initialization starting.
2016-01-11 23:43:24,968 - Velocimacro : adding VMs from VM library template : VM_global_library.vm
2016-01-11 23:43:24,976 - ResourceManager : unable to find resource 'VM_global_library.vm' in any resource loader.
2016-01-11 23:43:24,977 - Velocimacro : error using  VM library template VM_global_library.vm : org.apache.velocity.exception.ResourceNotFoundException: Unable to find resource 'VM_global_library.vm'
2016-01-11 23:43:24,977 - Velocimacro :  VM library template macro registration complete.
2016-01-11 23:43:24,977 - Velocimacro : allowInline = true : VMs can be defined inline in templates
2016-01-11 23:43:24,977 - Velocimacro : allowInlineToOverride = false : VMs defined inline may NOT replace previous VM definitions
2016-01-11 23:43:24,977 - Velocimacro : allowInlineLocal = false : VMs defined inline will be  global in scope if allowed.
2016-01-11 23:43:24,977 - Velocimacro : messages on  : VM system will output logging messages
2016-01-11 23:43:24,977 - Velocimacro : autoload off  : VM system will not automatically reload global library macros
2016-01-11 23:43:24,977 - Velocimacro : initialization complete.
2016-01-11 23:43:24,977 - Velocity successfully started.
2016-01-11 23:43:59,163 - ResourceManager : found repast/simphony/scenario/Scenario.vt with loader org.apache.velocity.runtime.resource.loader.ClasspathResourceLoader
2016-01-11 23:44:10,411 - SimpleLog4JLogSystem initialized using logfile 'velocity.log'
2016-01-11 23:44:10,411 - ************************************************************** 
2016-01-11 23:44:10,411 - Starting Jakarta Velocity v1.4
2016-01-11 23:44:10,411 - RuntimeInstance initializing.
2016-01-11 23:44:10,411 - Default Properties File: org\apache\velocity\runtime\defaults\velocity.properties
2016-01-11 23:44:10,411 - Trying to use logger class org.apache.velocity.runtime.log.SimpleLog4JLogSystem
2016-01-11 23:44:10,411 - Using logger class org.apache.velocity.runtime.log.SimpleLog4JLogSystem
2016-01-11 23:44:10,414 - Default ResourceManager initializing. (class org.apache.velocity.runtime.resource.ResourceManagerImpl)
2016-01-11 23:44:10,416 - Resource Loader Instantiated: org.apache.velocity.runtime.resource.loader.ClasspathResourceLoader
2016-01-11 23:44:10,416 - ClasspathResourceLoader : initialization starting.
2016-01-11 23:44:10,416 - ClasspathResourceLoader : initialization complete.
2016-01-11 23:44:10,418 - ResourceCache : initialized. (class org.apache.velocity.runtime.resource.ResourceCacheImpl)
2016-01-11 23:44:10,418 - Default ResourceManager initialization complete.
2016-01-11 23:44:10,420 - Loaded System Directive: org.apache.velocity.runtime.directive.Literal
2016-01-11 23:44:10,421 - Loaded System Directive: org.apache.velocity.runtime.directive.Macro
2016-01-11 23:44:10,424 - Loaded System Directive: org.apache.velocity.runtime.directive.Parse
2016-01-11 23:44:10,426 - Loaded System Directive: org.apache.velocity.runtime.directive.Include
2016-01-11 23:44:10,426 - Loaded System Directive: org.apache.velocity.runtime.directive.Foreach
2016-01-11 23:44:10,446 - Created: 20 parsers.
2016-01-11 23:44:10,453 - Velocimacro : initialization starting.
2016-01-11 23:44:10,453 - Velocimacro : adding VMs from VM library template : VM_global_library.vm
2016-01-11 23:44:10,461 - ResourceManager : unable to find resource 'VM_global_library.vm' in any resource loader.
2016-01-11 23:44:10,461 - Velocimacro : error using  VM library template VM_global_library.vm : org.apache.velocity.exception.ResourceNotFoundException: Unable to find resource 'VM_global_library.vm'
2016-01-11 23:44:10,461 - Velocimacro :  VM library template macro registration complete.
2016-01-11 23:44:10,461 - Velocimacro : allowInline = true : VMs can be defined inline in templates
2016-01-11 23:44:10,461 - Velocimacro : allowInlineToOverride = false : VMs defined inline may NOT replace previous VM definitions
2016-01-11 23:44:10,461 - Velocimacro : allowInlineLocal = false : VMs defined inline will be  global in scope if allowed.
2016-01-11 23:44:10,461 - Velocimacro : messages on  : VM system will output logging messages
2016-01-11 23:44:10,461 - Velocimacro : autoload off  : VM system will not automatically reload global library macros
2016-01-11 23:44:10,461 - Velocimacro : initialization complete.
2016-01-11 23:44:10,461 - Velocity successfully started.
2016-01-11 23:44:42,548 - ResourceManager : found repast/simphony/scenario/Scenario.vt with loader org.apache.velocity.runtime.resource.loader.ClasspathResourceLoader
2016-01-11 23:45:04,528 - SimpleLog4JLogSystem initialized using logfile 'velocity.log'
2016-01-11 23:45:04,528 - ************************************************************** 
2016-01-11 23:45:04,528 - Starting Jakarta Velocity v1.4
2016-01-11 23:45:04,528 - RuntimeInstance initializing.
2016-01-11 23:45:04,528 - Default Properties File: org\apache\velocity\runtime\defaults\velocity.properties
2016-01-11 23:45:04,528 - Trying to use logger class org.apache.velocity.runtime.log.SimpleLog4JLogSystem
2016-01-11 23:45:04,528 - Using logger class org.apache.velocity.runtime.log.SimpleLog4JLogSystem
2016-01-11 23:45:04,531 - Default ResourceManager initializing. (class org.apache.velocity.runtime.resource.ResourceManagerImpl)
2016-01-11 23:45:04,533 - Resource Loader Instantiated: org.apache.velocity.runtime.resource.loader.ClasspathResourceLoader
2016-01-11 23:45:04,533 - ClasspathResourceLoader : initialization starting.
2016-01-11 23:45:04,533 - ClasspathResourceLoader : initialization complete.
2016-01-11 23:45:04,534 - ResourceCache : initialized. (class org.apache.velocity.runtime.resource.ResourceCacheImpl)
2016-01-11 23:45:04,534 - Default ResourceManager initialization complete.
2016-01-11 23:45:04,537 - Loaded System Directive: org.apache.velocity.runtime.directive.Literal
2016-01-11 23:45:04,538 - Loaded System Directive: org.apache.velocity.runtime.directive.Macro
2016-01-11 23:45:04,541 - Loaded System Directive: org.apache.velocity.runtime.directive.Parse
2016-01-11 23:45:04,542 - Loaded System Directive: org.apache.velocity.runtime.directive.Include
2016-01-11 23:45:04,543 - Loaded System Directive: org.apache.velocity.runtime.directive.Foreach
2016-01-11 23:45:04,564 - Created: 20 parsers.
2016-01-11 23:45:04,571 - Velocimacro : initialization starting.
2016-01-11 23:45:04,571 - Velocimacro : adding VMs from VM library template : VM_global_library.vm
2016-01-11 23:45:04,580 - ResourceManager : unable to find resource 'VM_global_library.vm' in any resource loader.
2016-01-11 23:45:04,580 - Velocimacro : error using  VM library template VM_global_library.vm : org.apache.velocity.exception.ResourceNotFoundException: Unable to find resource 'VM_global_library.vm'
2016-01-11 23:45:04,580 - Velocimacro :  VM library template macro registration complete.
2016-01-11 23:45:04,580 - Velocimacro : allowInline = true : VMs can be defined inline in templates
2016-01-11 23:45:04,580 - Velocimacro : allowInlineToOverride = false : VMs defined inline may NOT replace previous VM definitions
2016-01-11 23:45:04,580 - Velocimacro : allowInlineLocal = false : VMs defined inline will be  global in scope if allowed.
2016-01-11 23:45:04,580 - Velocimacro : messages on  : VM system will output logging messages
2016-01-11 23:45:04,580 - Velocimacro : autoload off  : VM system will not automatically reload global library macros
2016-01-11 23:45:04,580 - Velocimacro : initialization complete.
2016-01-11 23:45:04,581 - Velocity successfully started.
2016-01-11 23:46:05,886 - SimpleLog4JLogSystem initialized using logfile 'velocity.log'
2016-01-11 23:46:05,886 - ************************************************************** 
2016-01-11 23:46:05,886 - Starting Jakarta Velocity v1.4
2016-01-11 23:46:05,886 - RuntimeInstance initializing.
2016-01-11 23:46:05,886 - Default Properties File: org\apache\velocity\runtime\defaults\velocity.properties
2016-01-11 23:46:05,886 - Trying to use logger class org.apache.velocity.runtime.log.SimpleLog4JLogSystem
2016-01-11 23:46:05,886 - Using logger class org.apache.velocity.runtime.log.SimpleLog4JLogSystem
2016-01-11 23:46:05,888 - Default ResourceManager initializing. (class org.apache.velocity.runtime.resource.ResourceManagerImpl)
2016-01-11 23:46:05,890 - Resource Loader Instantiated: org.apache.velocity.runtime.resource.loader.ClasspathResourceLoader
2016-01-11 23:46:05,890 - ClasspathResourceLoader : initialization starting.
2016-01-11 23:46:05,890 - ClasspathResourceLoader : initialization complete.
2016-01-11 23:46:05,892 - ResourceCache : initialized. (class org.apache.velocity.runtime.resource.ResourceCacheImpl)
2016-01-11 23:46:05,892 - Default ResourceManager initialization complete.
2016-01-11 23:46:05,894 - Loaded System Directive: org.apache.velocity.runtime.directive.Literal
2016-01-11 23:46:05,895 - Loaded System Directive: org.apache.velocity.runtime.directive.Macro
2016-01-11 23:46:05,897 - Loaded System Directive: org.apache.velocity.runtime.directive.Parse
2016-01-11 23:46:05,898 - Loaded System Directive: org.apache.velocity.runtime.directive.Include
2016-01-11 23:46:05,899 - Loaded System Directive: org.apache.velocity.runtime.directive.Foreach
2016-01-11 23:46:05,918 - Created: 20 parsers.
2016-01-11 23:46:05,924 - Velocimacro : initialization starting.
2016-01-11 23:46:05,924 - Velocimacro : adding VMs from VM library template : VM_global_library.vm
2016-01-11 23:46:05,931 - ResourceManager : unable to find resource 'VM_global_library.vm' in any resource loader.
2016-01-11 23:46:05,931 - Velocimacro : error using  VM library template VM_global_library.vm : org.apache.velocity.exception.ResourceNotFoundException: Unable to find resource 'VM_global_library.vm'
2016-01-11 23:46:05,931 - Velocimacro :  VM library template macro registration complete.
2016-01-11 23:46:05,931 - Velocimacro : allowInline = true : VMs can be defined inline in templates
2016-01-11 23:46:05,931 - Velocimacro : allowInlineToOverride = false : VMs defined inline may NOT replace previous VM definitions
2016-01-11 23:46:05,931 - Velocimacro : allowInlineLocal = false : VMs defined inline will be  global in scope if allowed.
2016-01-11 23:46:05,931 - Velocimacro : messages on  : VM system will output logging messages
2016-01-11 23:46:05,932 - Velocimacro : autoload off  : VM system will not automatically reload global library macros
2016-01-11 23:46:05,932 - Velocimacro : initialization complete.
2016-01-11 23:46:05,932 - Velocity successfully started.
2016-01-11 23:46:58,036 - SimpleLog4JLogSystem initialized using logfile 'velocity.log'
2016-01-11 23:46:58,037 - ************************************************************** 
2016-01-11 23:46:58,037 - Starting Jakarta Velocity v1.4
2016-01-11 23:46:58,037 - RuntimeInstance initializing.
2016-01-11 23:46:58,037 - Default Properties File: org\apache\velocity\runtime\defaults\velocity.properties
2016-01-11 23:46:58,037 - Trying to use logger class org.apache.velocity.runtime.log.SimpleLog4JLogSystem
2016-01-11 23:46:58,037 - Using logger class org.apache.velocity.runtime.log.SimpleLog4JLogSystem
2016-01-11 23:46:58,039 - Default ResourceManager initializing. (class org.apache.velocity.runtime.resource.ResourceManagerImpl)
2016-01-11 23:46:58,041 - Resource Loader Instantiated: org.apache.velocity.runtime.resource.loader.ClasspathResourceLoader
2016-01-11 23:46:58,041 - ClasspathResourceLoader : initialization starting.
2016-01-11 23:46:58,041 - ClasspathResourceLoader : initialization complete.
2016-01-11 23:46:58,042 - ResourceCache : initialized. (class org.apache.velocity.runtime.resource.ResourceCacheImpl)
2016-01-11 23:46:58,042 - Default ResourceManager initialization complete.
2016-01-11 23:46:58,044 - Loaded System Directive: org.apache.velocity.runtime.directive.Literal
2016-01-11 23:46:58,045 - Loaded System Directive: org.apache.velocity.runtime.directive.Macro
2016-01-11 23:46:58,048 - Loaded System Directive: org.apache.velocity.runtime.directive.Parse
2016-01-11 23:46:58,049 - Loaded System Directive: org.apache.velocity.runtime.directive.Include
2016-01-11 23:46:58,050 - Loaded System Directive: org.apache.velocity.runtime.directive.Foreach
2016-01-11 23:46:58,069 - Created: 20 parsers.
2016-01-11 23:46:58,075 - Velocimacro : initialization starting.
2016-01-11 23:46:58,075 - Velocimacro : adding VMs from VM library template : VM_global_library.vm
2016-01-11 23:46:58,082 - ResourceManager : unable to find resource 'VM_global_library.vm' in any resource loader.
2016-01-11 23:46:58,082 - Velocimacro : error using  VM library template VM_global_library.vm : org.apache.velocity.exception.ResourceNotFoundException: Unable to find resource 'VM_global_library.vm'
2016-01-11 23:46:58,082 - Velocimacro :  VM library template macro registration complete.
2016-01-11 23:46:58,082 - Velocimacro : allowInline = true : VMs can be defined inline in templates
2016-01-11 23:46:58,082 - Velocimacro : allowInlineToOverride = false : VMs defined inline may NOT replace previous VM definitions
2016-01-11 23:46:58,082 - Velocimacro : allowInlineLocal = false : VMs defined inline will be  global in scope if allowed.
2016-01-11 23:46:58,082 - Velocimacro : messages on  : VM system will output logging messages
2016-01-11 23:46:58,082 - Velocimacro : autoload off  : VM system will not automatically reload global library macros
2016-01-11 23:46:58,082 - Velocimacro : initialization complete.
2016-01-11 23:46:58,082 - Velocity successfully started.
